-------------------------------------------------------------------------------
Test set: tests.LoginTest
-------------------------------------------------------------------------------
Tests run: 5, Failures: 1, Errors: 0, Skipped: 0, Time elapsed: 12.049 sec <<< FAILURE!
validate_empty_field_login_failure(tests.LoginTest)  Time elapsed: 0.543 sec  <<< FAILURE!
java.lang.AssertionError: expected [true] but found [false]
	at org.testng.Assert.fail(Assert.java:97)
	at org.testng.Assert.failNotEquals(Assert.java:969)
	at org.testng.Assert.assertTrue(Assert.java:43)
	at org.testng.Assert.assertTrue(Assert.java:53)
	at pages.LoginPage.hasEmptyFieldsError(LoginPage.java:61)
	at tests.LoginTest.validate_empty_field_login_failure(LoginTest.java:61)

