<?xml version="1.0" encoding="UTF-8"?>
<!-- Generated by org.testng.reporters.JUnitXMLReporter -->
<testsuite hostname="Vulcan" ignored="0" name="Command line test" tests="5" failures="1" timestamp="2020-12-07T11:52:44 IST" time="11.043" errors="0">
  <testcase name="validate_valid_user_login" time="1.436" classname="tests.LoginTest"/>
  <testcase name="validate_locked_out_user_login_failure" time="0.481" classname="tests.LoginTest"/>
  <testcase name="validate_invalid_password_login_failure" time="0.456" classname="tests.LoginTest"/>
  <testcase name="validate_empty_field_login_failure" time="0.112" classname="tests.LoginTest">
    <failure type="java.lang.AssertionError" message="expected [true] but found [false]">
      <![CDATA[java.lang.AssertionError: expected [true] but found [false]
at pages.LoginPage.hasEmptyFieldsError(LoginPage.java:61)
at tests.LoginTest.validate_empty_field_login_failure(LoginTest.java:61)
at java.util.ArrayList.forEach(ArrayList.java:1259)
... Removed 41 stack frames]]>
    </failure>
  </testcase> <!-- validate_empty_field_login_failure -->
  <testcase name="validate_broken_images_for_problem_user" time="0.555" classname="tests.LoginTest"/>
</testsuite> <!-- Command line test -->
